<?xml version="1.0" encoding="UTF-8"?>
<testsuite name="com.hcl.bnsf.groovy.functional.EmployeeControllerSpec" tests="1" skipped="0" failures="1" errors="0" timestamp="2015-11-10T06:59:04" hostname="Sandeep-MacBook.local" time="10.063">
  <properties/>
  <testcase name="add employee to roster should return Success" classname="com.hcl.bnsf.groovy.functional.EmployeeControllerSpec" time="10.063">
    <failure message="Condition not satisfied:&#10;&#10;output.contains(&quot;Sandeep&quot;)&#10;|      |&#10;|      false&#10;{&#10;  &quot;rosterId&quot; : &quot;123&quot;,&#10;  &quot;id&quot; : &quot;1&quot;,&#10;  &quot;name&quot; : &quot;Neeraj&quot;,&#10;  &quot;phoneNo&quot; : &quot;12345&quot;,&#10;  &quot;seqNo&quot; : 123&#10;}&#10;" type="org.spockframework.runtime.ConditionNotSatisfiedError">Condition not satisfied:

output.contains(&quot;Sandeep&quot;)
|      |
|      false
{
  &quot;rosterId&quot; : &quot;123&quot;,
  &quot;id&quot; : &quot;1&quot;,
  &quot;name&quot; : &quot;Neeraj&quot;,
  &quot;phoneNo&quot; : &quot;12345&quot;,
  &quot;seqNo&quot; : 123
}

	at com.hcl.bnsf.groovy.functional.EmployeeControllerSpec.add employee to roster should return Success(EmployeeControllerSpec.groovy:69)
</failure>
  </testcase>
  <system-out><![CDATA[12:29:03.845 [Test worker] DEBUG o.s.t.annotation.ProfileValueUtils - Retrieved @ProfileValueSourceConfiguration [null] for test class [com.hcl.bnsf.groovy.functional.EmployeeControllerSpec]
12:29:03.853 [Test worker] DEBUG o.s.t.annotation.ProfileValueUtils - Retrieved ProfileValueSource type [class org.springframework.test.annotation.SystemProfileValueSource] for class [com.hcl.bnsf.groovy.functional.EmployeeControllerSpec]
12:29:03.855 [Test worker] DEBUG o.s.t.annotation.ProfileValueUtils - Retrieved @ProfileValueSourceConfiguration [null] for test class [com.hcl.bnsf.groovy.functional.EmployeeControllerSpec]
12:29:03.855 [Test worker] DEBUG o.s.t.annotation.ProfileValueUtils - Retrieved ProfileValueSource type [class org.springframework.test.annotation.SystemProfileValueSource] for class [com.hcl.bnsf.groovy.functional.EmployeeControllerSpec]
12:29:03.887 [Test worker] DEBUG o.s.test.context.BootstrapUtils - Instantiating CacheAwareContextLoaderDelegate from class [org.springframework.test.context.cache.DefaultCacheAwareContextLoaderDelegate]
12:29:03.911 [Test worker] DEBUG o.s.test.context.BootstrapUtils - Instantiating BootstrapContext using constructor [public org.springframework.test.context.support.DefaultBootstrapContext(java.lang.Class,org.springframework.test.context.CacheAwareContextLoaderDelegate)]
12:29:03.934 [Test worker] DEBUG o.s.test.context.BootstrapUtils - Instantiating TestContextBootstrapper for test class [com.hcl.bnsf.groovy.functional.EmployeeControllerSpec] from class [org.springframework.test.context.web.WebTestContextBootstrapper]
12:29:03.977 [Test worker] DEBUG o.s.t.c.w.WebTestContextBootstrapper - Found explicit ContextLoader class [org.springframework.boot.test.SpringApplicationContextLoader] for context configuration attributes [ContextConfigurationAttributes@44e46971 declaringClass = 'com.hcl.bnsf.groovy.functional.EmployeeControllerSpec', classes = '{class com.hcl.bnsf.Application}', locations = '{}', inheritLocations = true, initializers = '{}', inheritInitializers = true, name = [null], contextLoaderClass = 'org.springframework.boot.test.SpringApplicationContextLoader']
12:29:03.993 [Test worker] DEBUG o.s.t.c.support.ActiveProfilesUtils - Could not find an 'annotation declaring class' for annotation type [org.springframework.test.context.ActiveProfiles] and class [com.hcl.bnsf.groovy.functional.EmployeeControllerSpec]
12:29:04.009 [Test worker] INFO  o.s.t.c.w.WebTestContextBootstrapper - Could not instantiate TestExecutionListener [org.springframework.test.context.transaction.TransactionalTestExecutionListener]. Specify custom listener classes or make the default listener classes (and their required dependencies) available. Offending class: [org/springframework/transaction/interceptor/TransactionAttributeSource]
12:29:04.011 [Test worker] INFO  o.s.t.c.w.WebTestContextBootstrapper - Could not instantiate TestExecutionListener [org.springframework.test.context.jdbc.SqlScriptsTestExecutionListener]. Specify custom listener classes or make the default listener classes (and their required dependencies) available. Offending class: [org/springframework/transaction/interceptor/TransactionAttribute]
12:29:04.011 [Test worker] INFO  o.s.t.c.w.WebTestContextBootstrapper - Using TestExecutionListeners: [org.springframework.boot.test.IntegrationTestPropertiesListener@460fbc27, org.springframework.test.context.support.DependencyInjectionTestExecutionListener@3c6d5b66, org.springframework.test.context.support.DirtiesContextTestExecutionListener@5dfbe096]
12:29:04.667 [Test worker] DEBUG o.s.test.util.ReflectionTestUtils - Getting field 'mergedContextConfiguration' from target object [[DefaultTestContext@19f97275 testClass = EmployeeControllerSpec, testInstance = com.hcl.bnsf.groovy.functional.EmployeeControllerSpec@7862892b, testMethod = [null], testException = [null], mergedContextConfiguration = [WebMergedContextConfiguration@dbe85c testClass = EmployeeControllerSpec, locations = '{}', classes = '{class com.hcl.bnsf.Application}', contextInitializerClasses = '[]', activeProfiles = '{}', propertySourceLocations = '{}', propertySourceProperties = '{}', resourceBasePath = 'src/main/webapp', contextLoader = 'org.springframework.boot.test.SpringApplicationContextLoader', parent = [null]]]] or target class [class org.springframework.test.context.support.DefaultTestContext]
12:29:04.671 [Test worker] DEBUG o.s.test.util.ReflectionTestUtils - Setting field 'propertySourceProperties' of type [null] on target object [[WebMergedContextConfiguration@dbe85c testClass = EmployeeControllerSpec, locations = '{}', classes = '{class com.hcl.bnsf.Application}', contextInitializerClasses = '[]', activeProfiles = '{}', propertySourceLocations = '{}', propertySourceProperties = '{}', resourceBasePath = 'src/main/webapp', contextLoader = 'org.springframework.boot.test.SpringApplicationContextLoader', parent = [null]]] or target class [class org.springframework.test.context.web.WebMergedContextConfiguration] to value [[Ljava.lang.String;@75b390ce]
12:29:04.671 [Test worker] DEBUG o.s.t.c.s.DependencyInjectionTestExecutionListener - Performing dependency injection for test context [[DefaultTestContext@19f97275 testClass = EmployeeControllerSpec, testInstance = com.hcl.bnsf.groovy.functional.EmployeeControllerSpec@7862892b, testMethod = [null], testException = [null], mergedContextConfiguration = [WebMergedContextConfiguration@dbe85c testClass = EmployeeControllerSpec, locations = '{}', classes = '{class com.hcl.bnsf.Application}', contextInitializerClasses = '[]', activeProfiles = '{}', propertySourceLocations = '{}', propertySourceProperties = '{server.port:8000, org.springframework.boot.test.IntegrationTest=true}', resourceBasePath = 'src/main/webapp', contextLoader = 'org.springframework.boot.test.SpringApplicationContextLoader', parent = [null]]]].
12:29:04.918 [Test worker] DEBUG o.s.core.env.StandardEnvironment - Adding [systemProperties] PropertySource with lowest search precedence
12:29:04.922 [Test worker] DEBUG o.s.core.env.StandardEnvironment - Adding [systemEnvironment] PropertySource with lowest search precedence
12:29:04.922 [Test worker] DEBUG o.s.core.env.StandardEnvironment - Initialized StandardEnvironment with PropertySources [systemProperties,systemEnvironment]
12:29:04.924 [Test worker] DEBUG o.s.core.env.StandardEnvironment - Adding [integrationTest] PropertySource with search precedence immediately lower than [systemEnvironment]

  .   ____          _            __ _ _
 /\\ / ___'_ __ _ _(_)_ __  __ _ \ \ \ \
( ( )\___ | '_ | '_| | '_ \/ _` | \ \ \ \
 \\/  ___)| |_)| | | | | || (_| |  ) ) ) )
  '  |____| .__|_| |_|_| |_\__, | / / / /
 =========|_|==============|___/=/_/_/_/
 :: Spring Boot ::        (v1.2.7.RELEASE)

2015-11-10 12:29:05.463  INFO 99761 --- [    Test worker] org.eclipse.jetty.util.log               : Logging initialized @4103ms
2015-11-10 12:29:05.591  INFO 99761 --- [    Test worker] c.h.b.g.f.EmployeeControllerSpec         : Starting EmployeeControllerSpec on Sandeep-MacBook.local with PID 99761 (/Users/admin/official/gitrepos/project-spring-boot/BNSF/SWRMRosterMgmtServer/build/classes/test started by admin in /Users/admin/official/gitrepos/project-spring-boot/BNSF/SWRMRosterMgmtServer)
2015-11-10 12:29:05.700  INFO 99761 --- [    Test worker] ationConfigEmbeddedWebApplicationContext : Refreshing org.springframework.boot.context.embedded.AnnotationConfigEmbeddedWebApplicationContext@1be61b10: startup date [Tue Nov 10 12:29:05 IST 2015]; root of context hierarchy
2015-11-10 12:29:07.240  INFO 99761 --- [    Test worker] o.s.b.f.s.DefaultListableBeanFactory     : Overriding bean definition for bean 'beanNameViewResolver': replacing [Root bean: class [null]; scope=; abstract=false; lazyInit=false; autowireMode=3; dependencyCheck=0; autowireCandidate=true; primary=false; factoryBeanName=org.springframework.boot.autoconfigure.web.ErrorMvcAutoConfiguration$WhitelabelErrorViewConfiguration; factoryMethodName=beanNameViewResolver; initMethodName=null; destroyMethodName=(inferred); defined in class path resource [org/springframework/boot/autoconfigure/web/ErrorMvcAutoConfiguration$WhitelabelErrorViewConfiguration.class]] with [Root bean: class [null]; scope=; abstract=false; lazyInit=false; autowireMode=3; dependencyCheck=0; autowireCandidate=true; primary=false; factoryBeanName=org.springframework.boot.autoconfigure.web.WebMvcAutoConfiguration$WebMvcAutoConfigurationAdapter; factoryMethodName=beanNameViewResolver; initMethodName=null; destroyMethodName=(inferred); defined in class path resource [org/springframework/boot/autoconfigure/web/WebMvcAutoConfiguration$WebMvcAutoConfigurationAdapter.class]]
2015-11-10 12:29:07.944  INFO 99761 --- [    Test worker] f.a.AutowiredAnnotationBeanPostProcessor : JSR-330 'javax.inject.Inject' annotation found and supported for autowiring
2015-11-10 12:29:09.249  INFO 99761 --- [    Test worker] e.j.JettyEmbeddedServletContainerFactory : Server initialized with port: 8000
2015-11-10 12:29:09.257  INFO 99761 --- [    Test worker] org.eclipse.jetty.server.Server          : jetty-9.2.13.v20150730
2015-11-10 12:29:09.550  INFO 99761 --- [    Test worker] /                                        : Initializing Spring embedded WebApplicationContext
2015-11-10 12:29:09.550  INFO 99761 --- [    Test worker] o.s.web.context.ContextLoader            : Root WebApplicationContext: initialization completed in 3854 ms
2015-11-10 12:29:11.008  INFO 99761 --- [    Test worker] o.s.b.c.e.ServletRegistrationBean        : Mapping servlet: 'dispatcherServlet' to [/]
2015-11-10 12:29:11.014  INFO 99761 --- [    Test worker] o.s.b.c.embedded.FilterRegistrationBean  : Mapping filter: 'metricFilter' to: [/*]
2015-11-10 12:29:11.015  INFO 99761 --- [    Test worker] o.s.b.c.embedded.FilterRegistrationBean  : Mapping filter: 'characterEncodingFilter' to: [/*]
2015-11-10 12:29:11.016  INFO 99761 --- [    Test worker] o.s.b.c.embedded.FilterRegistrationBean  : Mapping filter: 'hiddenHttpMethodFilter' to: [/*]
2015-11-10 12:29:11.016  INFO 99761 --- [    Test worker] o.s.b.c.embedded.FilterRegistrationBean  : Mapping filter: 'webRequestLoggingFilter' to: [/*]
2015-11-10 12:29:11.017  INFO 99761 --- [    Test worker] o.s.b.c.embedded.FilterRegistrationBean  : Mapping filter: 'applicationContextIdFilter' to: [/*]
2015-11-10 12:29:11.609  INFO 99761 --- [    Test worker] o.e.jetty.server.handler.ContextHandler  : Started o.s.b.c.e.j.JettyEmbeddedWebAppContext@7e97a9a1{/,null,AVAILABLE}
2015-11-10 12:29:11.610  INFO 99761 --- [    Test worker] org.eclipse.jetty.server.Server          : Started @10255ms
2015-11-10 12:29:11.965  INFO 99761 --- [    Test worker] s.w.s.m.m.a.RequestMappingHandlerAdapter : Looking for @ControllerAdvice: org.springframework.boot.context.embedded.AnnotationConfigEmbeddedWebApplicationContext@1be61b10: startup date [Tue Nov 10 12:29:05 IST 2015]; root of context hierarchy
2015-11-10 12:29:12.107  INFO 99761 --- [    Test worker] s.w.s.m.m.a.RequestMappingHandlerMapping : Mapped "{[/employee/addEmployeeToRoster],methods=[POST]}" onto public java.lang.String com.hcl.bnsf.controller.EmployeeController.addEmployeeToRoster(com.hcl.bnsf.domain.Employee) throws java.lang.Exception
2015-11-10 12:29:12.108  INFO 99761 --- [    Test worker] s.w.s.m.m.a.RequestMappingHandlerMapping : Mapped "{[/roster/createRoster],methods=[POST]}" onto public java.lang.String com.hcl.bnsf.controller.RosterController.createRoster(com.hcl.bnsf.domain.Roster) throws java.lang.Exception
2015-11-10 12:29:12.109  INFO 99761 --- [    Test worker] s.w.s.m.m.a.RequestMappingHandlerMapping : Mapped "{[/roster/getRoster],methods=[GET]}" onto public java.lang.String com.hcl.bnsf.controller.RosterController.getRoster()
2015-11-10 12:29:12.110  INFO 99761 --- [    Test worker] s.w.s.m.m.a.RequestMappingHandlerMapping : Mapped "{[/station/createStation],methods=[POST]}" onto public java.lang.String com.hcl.bnsf.controller.StationController.createStation(com.hcl.bnsf.domain.Station) throws java.lang.Exception
2015-11-10 12:29:12.113  INFO 99761 --- [    Test worker] s.w.s.m.m.a.RequestMappingHandlerMapping : Mapped "{[/error]}" onto public org.springframework.http.ResponseEntity<java.util.Map<java.lang.String, java.lang.Object>> org.springframework.boot.autoconfigure.web.BasicErrorController.error(javax.servlet.http.HttpServletRequest)
2015-11-10 12:29:12.114  INFO 99761 --- [    Test worker] s.w.s.m.m.a.RequestMappingHandlerMapping : Mapped "{[/error],produces=[text/html]}" onto public org.springframework.web.servlet.ModelAndView org.springframework.boot.autoconfigure.web.BasicErrorController.errorHtml(javax.servlet.http.HttpServletRequest)
2015-11-10 12:29:12.163  INFO 99761 --- [    Test worker] o.s.w.s.handler.SimpleUrlHandlerMapping  : Mapped URL path [/webjars/**] onto handler of type [class org.springframework.web.servlet.resource.ResourceHttpRequestHandler]
2015-11-10 12:29:12.164  INFO 99761 --- [    Test worker] o.s.w.s.handler.SimpleUrlHandlerMapping  : Mapped URL path [/**] onto handler of type [class org.springframework.web.servlet.resource.ResourceHttpRequestHandler]
2015-11-10 12:29:12.270  INFO 99761 --- [    Test worker] o.s.w.s.handler.SimpleUrlHandlerMapping  : Mapped URL path [/**/favicon.ico] onto handler of type [class org.springframework.web.servlet.resource.ResourceHttpRequestHandler]
2015-11-10 12:29:12.766  INFO 99761 --- [    Test worker] o.s.b.a.e.mvc.EndpointHandlerMapping     : Mapped "{[/env/{name:.*}],methods=[GET]}" onto public java.lang.Object org.springframework.boot.actuate.endpoint.mvc.EnvironmentMvcEndpoint.value(java.lang.String)
2015-11-10 12:29:12.766  INFO 99761 --- [    Test worker] o.s.b.a.e.mvc.EndpointHandlerMapping     : Mapped "{[/env],methods=[GET]}" onto public java.lang.Object org.springframework.boot.actuate.endpoint.mvc.EndpointMvcAdapter.invoke()
2015-11-10 12:29:12.767  INFO 99761 --- [    Test worker] o.s.b.a.e.mvc.EndpointHandlerMapping     : Mapped "{[/metrics/{name:.*}],methods=[GET]}" onto public java.lang.Object org.springframework.boot.actuate.endpoint.mvc.MetricsMvcEndpoint.value(java.lang.String)
2015-11-10 12:29:12.768  INFO 99761 --- [    Test worker] o.s.b.a.e.mvc.EndpointHandlerMapping     : Mapped "{[/metrics],methods=[GET]}" onto public java.lang.Object org.springframework.boot.actuate.endpoint.mvc.EndpointMvcAdapter.invoke()
2015-11-10 12:29:12.769  INFO 99761 --- [    Test worker] o.s.b.a.e.mvc.EndpointHandlerMapping     : Mapped "{[/beans],methods=[GET]}" onto public java.lang.Object org.springframework.boot.actuate.endpoint.mvc.EndpointMvcAdapter.invoke()
2015-11-10 12:29:12.771  INFO 99761 --- [    Test worker] o.s.b.a.e.mvc.EndpointHandlerMapping     : Mapped "{[/health]}" onto public java.lang.Object org.springframework.boot.actuate.endpoint.mvc.HealthMvcEndpoint.invoke(java.security.Principal)
2015-11-10 12:29:12.772  INFO 99761 --- [    Test worker] o.s.b.a.e.mvc.EndpointHandlerMapping     : Mapped "{[/trace],methods=[GET]}" onto public java.lang.Object org.springframework.boot.actuate.endpoint.mvc.EndpointMvcAdapter.invoke()
2015-11-10 12:29:12.773  INFO 99761 --- [    Test worker] o.s.b.a.e.mvc.EndpointHandlerMapping     : Mapped "{[/configprops],methods=[GET]}" onto public java.lang.Object org.springframework.boot.actuate.endpoint.mvc.EndpointMvcAdapter.invoke()
2015-11-10 12:29:12.774  INFO 99761 --- [    Test worker] o.s.b.a.e.mvc.EndpointHandlerMapping     : Mapped "{[/info],methods=[GET]}" onto public java.lang.Object org.springframework.boot.actuate.endpoint.mvc.EndpointMvcAdapter.invoke()
2015-11-10 12:29:12.775  INFO 99761 --- [    Test worker] o.s.b.a.e.mvc.EndpointHandlerMapping     : Mapped "{[/dump],methods=[GET]}" onto public java.lang.Object org.springframework.boot.actuate.endpoint.mvc.EndpointMvcAdapter.invoke()
2015-11-10 12:29:12.775  INFO 99761 --- [    Test worker] o.s.b.a.e.mvc.EndpointHandlerMapping     : Mapped "{[/mappings],methods=[GET]}" onto public java.lang.Object org.springframework.boot.actuate.endpoint.mvc.EndpointMvcAdapter.invoke()
2015-11-10 12:29:12.776  INFO 99761 --- [    Test worker] o.s.b.a.e.mvc.EndpointHandlerMapping     : Mapped "{[/autoconfig],methods=[GET]}" onto public java.lang.Object org.springframework.boot.actuate.endpoint.mvc.EndpointMvcAdapter.invoke()
2015-11-10 12:29:13.541  INFO 99761 --- [    Test worker] /                                        : Initializing Spring FrameworkServlet 'dispatcherServlet'
2015-11-10 12:29:13.542  INFO 99761 --- [    Test worker] o.s.web.servlet.DispatcherServlet        : FrameworkServlet 'dispatcherServlet': initialization started
2015-11-10 12:29:13.570  INFO 99761 --- [    Test worker] o.s.web.servlet.DispatcherServlet        : FrameworkServlet 'dispatcherServlet': initialization completed in 28 ms
2015-11-10 12:29:13.660  INFO 99761 --- [    Test worker] o.eclipse.jetty.server.ServerConnector   : Started ServerConnector@13aae50e{HTTP/1.1}{0.0.0.0:8000}
2015-11-10 12:29:13.668  INFO 99761 --- [    Test worker] .s.b.c.e.j.JettyEmbeddedServletContainer : Jetty started on port(s) 8000 (http/1.1)
2015-11-10 12:29:13.674  INFO 99761 --- [    Test worker] c.h.b.g.f.EmployeeControllerSpec         : Started EmployeeControllerSpec in 8.73 seconds (JVM running for 12.319)
Received request in the method addEmployeeToRoster with data: Employee [id=1, name=Neeraj, phoneNo=12345, seqNo=123]
Response body: {
  "rosterId" : "123",
  "id" : "1",
  "name" : "Neeraj",
  "phoneNo" : "12345",
  "seqNo" : 123
}
Employee Done
]]></system-out>
  <system-err><![CDATA[]]></system-err>
</testsuite>
